2025-05-23 01:30:37.486 DEBUG 38552 [SpringApplicationShutdownHook|] [34m[ANON][0;39m o.s.b.a.ApplicationAvailabilityBean      : [] Application availability state ReadinessState changed from ACCEPTING_TRAFFIC to REFUSING_TRAFFIC
2025-05-23 01:30:37.487 DEBUG 38552 [SpringApplicationShutdownHook|] [34m[ANON][0;39m ConfigServletWebServerApplicationContext : [] Closing org.springframework.boot.web.servlet.context.AnnotationConfigServletWebServerApplicationContext@2ab3952a, started on Fri May 23 01:21:07 CEST 2025
2025-05-23 01:30:37.489 DEBUG 38552 [SpringApplicationShutdownHook|] [34m[ANON][0;39m o.s.c.support.DefaultLifecycleProcessor  : [] Stopping beans in phase 2147482623
2025-05-23 01:30:37.490  INFO 38552 [SpringApplicationShutdownHook|] [34m[ANON][0;39m o.s.b.w.e.tomcat.GracefulShutdown        : [] Commencing graceful shutdown. Waiting for active requests to complete
2025-05-23 01:30:37.492  INFO 38552 [tomcat-shutdown|] [34m[ANON][0;39m o.s.b.w.e.tomcat.GracefulShutdown        : [] Graceful shutdown complete
2025-05-23 01:30:37.493 DEBUG 38552 [SpringApplicationShutdownHook|] [34m[ANON][0;39m o.s.c.support.DefaultLifecycleProcessor  : [] Stopping beans in phase 2147481599
2025-05-23 01:30:37.493 DEBUG 38552 [tomcat-shutdown|] [34m[ANON][0;39m o.s.c.support.DefaultLifecycleProcessor  : [] Bean 'webServerGracefulShutdown' completed its stop procedure
2025-05-23 01:30:37.494 DEBUG 38552 [SpringApplicationShutdownHook|] [34m[ANON][0;39m o.s.c.support.DefaultLifecycleProcessor  : [] Bean 'webServerStartStop' completed its stop procedure
2025-05-23 01:30:37.494 DEBUG 38552 [SpringApplicationShutdownHook|] [34m[ANON][0;39m o.s.c.support.DefaultLifecycleProcessor  : [] Stopping beans in phase 1073741823
2025-05-23 01:30:37.494 DEBUG 38552 [SpringApplicationShutdownHook|] [34m[ANON][0;39m o.s.c.support.DefaultLifecycleProcessor  : [] Bean 'applicationTaskExecutor' completed its stop procedure
2025-05-23 01:30:37.494 DEBUG 38552 [SpringApplicationShutdownHook|] [34m[ANON][0;39m o.s.c.support.DefaultLifecycleProcessor  : [] Stopping beans in phase -2147483647
2025-05-23 01:30:37.494 DEBUG 38552 [SpringApplicationShutdownHook|] [34m[ANON][0;39m o.s.c.support.DefaultLifecycleProcessor  : [] Bean 'springBootLoggingLifecycle' completed its stop procedure
2025-05-23 01:30:37.498 DEBUG 38552 [SpringApplicationShutdownHook|] [34m[ANON][0;39m o.s.j.e.a.AnnotationMBeanExporter        : [] Unregistering JMX-exposed beans on shutdown
2025-05-23 01:30:37.498 DEBUG 38552 [SpringApplicationShutdownHook|] [34m[ANON][0;39m o.s.j.e.a.AnnotationMBeanExporter        : [] Unregistering JMX-exposed beans
2025-05-23 01:30:37.498 DEBUG 38552 [SpringApplicationShutdownHook|] [34m[ANON][0;39m o.s.s.concurrent.ThreadPoolTaskExecutor  : [] Shutting down ExecutorService 'applicationTaskExecutor'
2025-05-23 01:30:37.499  INFO 38552 [SpringApplicationShutdownHook|] [34m[ANON][0;39m j.LocalContainerEntityManagerFactoryBean : [] Closing JPA EntityManagerFactory for persistence unit 'default'
2025-05-23 01:30:37.500 DEBUG 38552 [SpringApplicationShutdownHook|] [34m[ANON][0;39m o.hibernate.internal.SessionFactoryImpl  : [] HHH000031: Closing
2025-05-23 01:30:37.500 DEBUG 38552 [SpringApplicationShutdownHook|] [34m[ANON][0;39m o.h.type.spi.TypeConfiguration$Scope     : [] Un-scoping TypeConfiguration [org.hibernate.type.spi.TypeConfiguration$Scope@523a6336] from SessionFactory [org.hibernate.internal.SessionFactoryImpl@63da2ef9]
2025-05-23 01:30:37.500 DEBUG 38552 [SpringApplicationShutdownHook|] [34m[ANON][0;39m o.h.s.i.AbstractServiceRegistryImpl      : [] Implicitly destroying ServiceRegistry on de-registration of all child ServiceRegistries
2025-05-23 01:30:37.501 DEBUG 38552 [SpringApplicationShutdownHook|] [34m[ANON][0;39m o.h.b.r.i.BootstrapServiceRegistryImpl   : [] Implicitly destroying Boot-strap registry on de-registration of all child ServiceRegistries
2025-05-23 01:30:37.502  INFO 38552 [SpringApplicationShutdownHook|] [34m[ANON][0;39m com.zaxxer.hikari.HikariDataSource       : [] HikariPool-1 - Shutdown initiated...
2025-05-23 01:30:37.502 DEBUG 38552 [SpringApplicationShutdownHook|] [34m[ANON][0;39m com.zaxxer.hikari.pool.HikariPool        : [] HikariPool-1 - Before shutdown stats (total=10, active=0, idle=10, waiting=0)
2025-05-23 01:30:37.503 DEBUG 38552 [HikariPool-1 connection closer|] [34m[ANON][0;39m com.zaxxer.hikari.pool.PoolBase          : [] HikariPool-1 - Closing connection org.postgresql.jdbc.PgConnection@33fcd8c0: (connection evicted)
2025-05-23 01:30:37.503 DEBUG 38552 [HikariPool-1 connection closer|] [34m[ANON][0;39m com.zaxxer.hikari.pool.PoolBase          : [] HikariPool-1 - Closing connection org.postgresql.jdbc.PgConnection@2866d6f4: (connection evicted)
2025-05-23 01:30:37.503 DEBUG 38552 [HikariPool-1 connection closer|] [34m[ANON][0;39m com.zaxxer.hikari.pool.PoolBase          : [] HikariPool-1 - Closing connection org.postgresql.jdbc.PgConnection@26a13d88: (connection evicted)
2025-05-23 01:30:37.503 DEBUG 38552 [HikariPool-1 connection closer|] [34m[ANON][0;39m com.zaxxer.hikari.pool.PoolBase          : [] HikariPool-1 - Closing connection org.postgresql.jdbc.PgConnection@229ebd84: (connection evicted)
2025-05-23 01:30:37.503 DEBUG 38552 [HikariPool-1 connection closer|] [34m[ANON][0;39m com.zaxxer.hikari.pool.PoolBase          : [] HikariPool-1 - Closing connection org.postgresql.jdbc.PgConnection@679c37b3: (connection evicted)
2025-05-23 01:30:37.503 DEBUG 38552 [HikariPool-1 connection closer|] [34m[ANON][0;39m com.zaxxer.hikari.pool.PoolBase          : [] HikariPool-1 - Closing connection org.postgresql.jdbc.PgConnection@79d39cc2: (connection evicted)
2025-05-23 01:30:37.503 DEBUG 38552 [HikariPool-1 connection closer|] [34m[ANON][0;39m com.zaxxer.hikari.pool.PoolBase          : [] HikariPool-1 - Closing connection org.postgresql.jdbc.PgConnection@56b1b30d: (connection evicted)
2025-05-23 01:30:37.503 DEBUG 38552 [HikariPool-1 connection closer|] [34m[ANON][0;39m com.zaxxer.hikari.pool.PoolBase          : [] HikariPool-1 - Closing connection org.postgresql.jdbc.PgConnection@11446c2: (connection evicted)
2025-05-23 01:30:37.503 DEBUG 38552 [HikariPool-1 connection closer|] [34m[ANON][0;39m com.zaxxer.hikari.pool.PoolBase          : [] HikariPool-1 - Closing connection org.postgresql.jdbc.PgConnection@7b3c8fc: (connection evicted)
2025-05-23 01:30:37.504 DEBUG 38552 [HikariPool-1 connection closer|] [34m[ANON][0;39m com.zaxxer.hikari.pool.PoolBase          : [] HikariPool-1 - Closing connection org.postgresql.jdbc.PgConnection@62e36144: (connection evicted)
2025-05-23 01:30:37.504 DEBUG 38552 [SpringApplicationShutdownHook|] [34m[ANON][0;39m com.zaxxer.hikari.pool.HikariPool        : [] HikariPool-1 - After shutdown stats (total=0, active=0, idle=0, waiting=0)
2025-05-23 01:30:37.504  INFO 38552 [SpringApplicationShutdownHook|] [34m[ANON][0;39m com.zaxxer.hikari.HikariDataSource       : [] HikariPool-1 - Shutdown completed.
2025-05-23 01:30:37.504 DEBUG 38552 [SpringApplicationShutdownHook|] [34m[ANON][0;39m o.s.b.f.support.DisposableBeanAdapter    : [] Custom destroy method 'close' on bean with name 'simpleMeterRegistry' completed
2025-05-23T01:30:39.206+02:00  INFO 39037 --- [Authent API] [restartedMain] i.y.authentapi.AuthentapiApplication     : Starting AuthentapiApplication using Java 21.0.2 with PID 39037 (/Users/codeur47/Idea Projects/new-projects/authentapi/target/classes started by codeur47 in /Users/codeur47/Idea Projects/new-projects/authentapi)
2025-05-23T01:30:39.207+02:00  INFO 39037 --- [Authent API] [restartedMain] i.y.authentapi.AuthentapiApplication     : No active profile set, falling back to 1 default profile: "default"
2025-05-23T01:30:39.229+02:00  INFO 39037 --- [Authent API] [restartedMain] .e.DevToolsPropertyDefaultsPostProcessor : Devtools property defaults active! Set 'spring.devtools.add-properties' to 'false' to disable
2025-05-23T01:30:39.229+02:00  INFO 39037 --- [Authent API] [restartedMain] .e.DevToolsPropertyDefaultsPostProcessor : For additional web related logging consider setting the 'logging.level.web' property to 'DEBUG'
2025-05-23T01:30:39.737+02:00  INFO 39037 --- [Authent API] [restartedMain] .s.d.r.c.RepositoryConfigurationDelegate : Bootstrapping Spring Data JPA repositories in DEFAULT mode.
2025-05-23T01:30:39.748+02:00  INFO 39037 --- [Authent API] [restartedMain] .s.d.r.c.RepositoryConfigurationDelegate : Finished Spring Data repository scanning in 5 ms. Found 0 JPA repository interfaces.
2025-05-23T01:30:40.127+02:00  INFO 39037 --- [Authent API] [restartedMain] o.s.b.w.embedded.tomcat.TomcatWebServer  : Tomcat initialized with port 8080 (http)
2025-05-23T01:30:40.134+02:00  INFO 39037 --- [Authent API] [restartedMain] o.apache.catalina.core.StandardService   : Starting service [Tomcat]
2025-05-23T01:30:40.134+02:00  INFO 39037 --- [Authent API] [restartedMain] o.apache.catalina.core.StandardEngine    : Starting Servlet engine: [Apache Tomcat/10.1.40]
2025-05-23T01:30:40.155+02:00  INFO 39037 --- [Authent API] [restartedMain] o.a.c.c.C.[Tomcat].[localhost].[/]       : Initializing Spring embedded WebApplicationContext
2025-05-23T01:30:40.156+02:00  INFO 39037 --- [Authent API] [restartedMain] w.s.c.ServletWebServerApplicationContext : Root WebApplicationContext: initialization completed in 927 ms
2025-05-23T01:30:40.305+02:00  INFO 39037 --- [Authent API] [restartedMain] com.zaxxer.hikari.HikariDataSource       : HikariPool-1 - Starting...
2025-05-23T01:30:40.383+02:00  INFO 39037 --- [Authent API] [restartedMain] com.zaxxer.hikari.pool.HikariPool        : HikariPool-1 - Added connection org.postgresql.jdbc.PgConnection@48700875
2025-05-23T01:30:40.384+02:00  INFO 39037 --- [Authent API] [restartedMain] com.zaxxer.hikari.HikariDataSource       : HikariPool-1 - Start completed.
2025-05-23T01:30:40.445+02:00  INFO 39037 --- [Authent API] [restartedMain] liquibase.database                       : Set default schema name to public
2025-05-23T01:30:40.654+02:00  INFO 39037 --- [Authent API] [restartedMain] liquibase.changelog                      : Reading from public.databasechangelog
2025-05-23T01:30:40.673+02:00  INFO 39037 --- [Authent API] [restartedMain] liquibase.ui                             : Database is up to date, no changesets to execute
2025-05-23T01:30:40.675+02:00  INFO 39037 --- [Authent API] [restartedMain] liquibase.changelog                      : Reading from public.databasechangelog
2025-05-23T01:30:40.678+02:00  INFO 39037 --- [Authent API] [restartedMain] liquibase.util                           : UPDATE SUMMARY
2025-05-23T01:30:40.679+02:00  INFO 39037 --- [Authent API] [restartedMain] liquibase.util                           : Run:                          0
2025-05-23T01:30:40.679+02:00  INFO 39037 --- [Authent API] [restartedMain] liquibase.util                           : Previously run:               1
2025-05-23T01:30:40.679+02:00  INFO 39037 --- [Authent API] [restartedMain] liquibase.util                           : Filtered out:                 0
2025-05-23T01:30:40.679+02:00  INFO 39037 --- [Authent API] [restartedMain] liquibase.util                           : -------------------------------
2025-05-23T01:30:40.679+02:00  INFO 39037 --- [Authent API] [restartedMain] liquibase.util                           : Total change sets:            1
2025-05-23T01:30:40.679+02:00  INFO 39037 --- [Authent API] [restartedMain] liquibase.util                           : Update summary generated
2025-05-23T01:30:40.680+02:00  INFO 39037 --- [Authent API] [restartedMain] liquibase.command                        : Command execution complete
2025-05-23T01:30:40.728+02:00  INFO 39037 --- [Authent API] [restartedMain] o.hibernate.jpa.internal.util.LogHelper  : HHH000204: Processing PersistenceUnitInfo [name: default]
2025-05-23T01:30:40.751+02:00  INFO 39037 --- [Authent API] [restartedMain] org.hibernate.Version                    : HHH000412: Hibernate ORM core version 6.6.13.Final
2025-05-23T01:30:40.767+02:00  INFO 39037 --- [Authent API] [restartedMain] o.h.c.internal.RegionFactoryInitiator    : HHH000026: Second-level cache disabled
2025-05-23T01:30:40.879+02:00  INFO 39037 --- [Authent API] [restartedMain] o.s.o.j.p.SpringPersistenceUnitInfo      : No LoadTimeWeaver setup: ignoring JPA class transformer
2025-05-23T01:30:40.912+02:00  INFO 39037 --- [Authent API] [restartedMain] org.hibernate.orm.connections.pooling    : HHH10001005: Database info:
	Database JDBC URL [Connecting through datasource 'HikariDataSource (HikariPool-1)']
	Database driver: undefined/unknown
	Database version: 15.12
	Autocommit mode: undefined/unknown
	Isolation level: undefined/unknown
	Minimum pool size: undefined/unknown
	Maximum pool size: undefined/unknown
2025-05-23T01:30:41.280+02:00  INFO 39037 --- [Authent API] [restartedMain] o.h.e.t.j.p.i.JtaPlatformInitiator       : HHH000489: No JTA platform available (set 'hibernate.transaction.jta.platform' to enable JTA platform integration)
2025-05-23T01:30:41.282+02:00  INFO 39037 --- [Authent API] [restartedMain] j.LocalContainerEntityManagerFactoryBean : Initialized JPA EntityManagerFactory for persistence unit 'default'
2025-05-23T01:30:41.290+02:00  INFO 39037 --- [Authent API] [restartedMain] i.y.a.core.aspect.LogTracingAspect       : LogTracingAspect initialised (authentapi.LogTracingAspect.enable=true)
2025-05-23T01:30:41.375+02:00  WARN 39037 --- [Authent API] [restartedMain] JpaBaseConfiguration$JpaWebConfiguration : spring.jpa.open-in-view is enabled by default. Therefore, database queries may be performed during view rendering. Explicitly configure spring.jpa.open-in-view to disable this warning
2025-05-23T01:30:41.661+02:00  INFO 39037 --- [Authent API] [restartedMain] o.s.b.a.e.web.EndpointLinksResolver      : Exposing 1 endpoint beneath base path '/actuator'
2025-05-23T01:30:41.743+02:00  INFO 39037 --- [Authent API] [restartedMain] o.s.v.b.OptionalValidatorFactoryBean     : Failed to set up a Bean Validation provider: jakarta.validation.NoProviderFoundException: Unable to create a Configuration, because no Jakarta Bean Validation provider could be found. Add a provider like Hibernate Validator (RI) to your classpath.
2025-05-23T01:30:42.042+02:00  INFO 39037 --- [Authent API] [restartedMain] o.s.b.d.a.OptionalLiveReloadServer       : LiveReload server is running on port 35729
2025-05-23T01:30:42.080+02:00  INFO 39037 --- [Authent API] [restartedMain] o.s.b.w.embedded.tomcat.TomcatWebServer  : Tomcat started on port 8080 (http) with context path '/'
2025-05-23T01:30:42.090+02:00  INFO 39037 --- [Authent API] [restartedMain] i.y.authentapi.AuthentapiApplication     : Started AuthentapiApplication in 3.081 seconds (process running for 3.388)
2025-05-23T01:30:42.457+02:00  INFO 39037 --- [Authent API] [RMI TCP Connection(3)-127.0.0.1] o.a.c.c.C.[Tomcat].[localhost].[/]       : Initializing Spring DispatcherServlet 'dispatcherServlet'
2025-05-23T01:30:42.458+02:00  INFO 39037 --- [Authent API] [RMI TCP Connection(3)-127.0.0.1] o.s.web.servlet.DispatcherServlet        : Initializing Servlet 'dispatcherServlet'
2025-05-23T01:30:42.458+02:00  INFO 39037 --- [Authent API] [RMI TCP Connection(3)-127.0.0.1] o.s.web.servlet.DispatcherServlet        : Completed initialization in 0 ms
2025-05-23T01:31:18.080+02:00  INFO 39037 --- [Authent API] [SpringApplicationShutdownHook] o.s.b.w.e.tomcat.GracefulShutdown        : Commencing graceful shutdown. Waiting for active requests to complete
2025-05-23T01:31:18.082+02:00  INFO 39037 --- [Authent API] [tomcat-shutdown] o.s.b.w.e.tomcat.GracefulShutdown        : Graceful shutdown complete
2025-05-23T01:31:18.088+02:00  INFO 39037 --- [Authent API] [SpringApplicationShutdownHook] j.LocalContainerEntityManagerFactoryBean : Closing JPA EntityManagerFactory for persistence unit 'default'
2025-05-23T01:31:18.091+02:00  INFO 39037 --- [Authent API] [SpringApplicationShutdownHook] com.zaxxer.hikari.HikariDataSource       : HikariPool-1 - Shutdown initiated...
2025-05-23T01:31:18.092+02:00  INFO 39037 --- [Authent API] [SpringApplicationShutdownHook] com.zaxxer.hikari.HikariDataSource       : HikariPool-1 - Shutdown completed.
2025-05-23T01:31:19.238+02:00  INFO 39086 --- [Authent API] [restartedMain] i.y.authentapi.AuthentapiApplication     : Starting AuthentapiApplication using Java 21.0.2 with PID 39086 (/Users/codeur47/Idea Projects/new-projects/authentapi/target/classes started by codeur47 in /Users/codeur47/Idea Projects/new-projects/authentapi)
2025-05-23T01:31:19.239+02:00  INFO 39086 --- [Authent API] [restartedMain] i.y.authentapi.AuthentapiApplication     : No active profile set, falling back to 1 default profile: "default"
2025-05-23T01:31:19.260+02:00  INFO 39086 --- [Authent API] [restartedMain] .e.DevToolsPropertyDefaultsPostProcessor : Devtools property defaults active! Set 'spring.devtools.add-properties' to 'false' to disable
2025-05-23T01:31:19.261+02:00  INFO 39086 --- [Authent API] [restartedMain] .e.DevToolsPropertyDefaultsPostProcessor : For additional web related logging consider setting the 'logging.level.web' property to 'DEBUG'
2025-05-23T01:31:19.741+02:00  INFO 39086 --- [Authent API] [restartedMain] .s.d.r.c.RepositoryConfigurationDelegate : Bootstrapping Spring Data JPA repositories in DEFAULT mode.
2025-05-23T01:31:19.751+02:00  INFO 39086 --- [Authent API] [restartedMain] .s.d.r.c.RepositoryConfigurationDelegate : Finished Spring Data repository scanning in 5 ms. Found 0 JPA repository interfaces.
2025-05-23T01:31:20.144+02:00  INFO 39086 --- [Authent API] [restartedMain] o.s.b.w.embedded.tomcat.TomcatWebServer  : Tomcat initialized with port 8080 (http)
2025-05-23T01:31:20.151+02:00  INFO 39086 --- [Authent API] [restartedMain] o.apache.catalina.core.StandardService   : Starting service [Tomcat]
2025-05-23T01:31:20.151+02:00  INFO 39086 --- [Authent API] [restartedMain] o.apache.catalina.core.StandardEngine    : Starting Servlet engine: [Apache Tomcat/10.1.40]
2025-05-23T01:31:20.173+02:00  INFO 39086 --- [Authent API] [restartedMain] o.a.c.c.C.[Tomcat].[localhost].[/]       : Initializing Spring embedded WebApplicationContext
2025-05-23T01:31:20.174+02:00  INFO 39086 --- [Authent API] [restartedMain] w.s.c.ServletWebServerApplicationContext : Root WebApplicationContext: initialization completed in 913 ms
2025-05-23T01:31:20.318+02:00  INFO 39086 --- [Authent API] [restartedMain] com.zaxxer.hikari.HikariDataSource       : HikariPool-1 - Starting...
2025-05-23T01:31:20.383+02:00  INFO 39086 --- [Authent API] [restartedMain] com.zaxxer.hikari.pool.HikariPool        : HikariPool-1 - Added connection org.postgresql.jdbc.PgConnection@a3dd8b8
2025-05-23T01:31:20.384+02:00  INFO 39086 --- [Authent API] [restartedMain] com.zaxxer.hikari.HikariDataSource       : HikariPool-1 - Start completed.
2025-05-23T01:31:20.445+02:00  INFO 39086 --- [Authent API] [restartedMain] liquibase.database                       : Set default schema name to public
2025-05-23T01:31:20.654+02:00  INFO 39086 --- [Authent API] [restartedMain] liquibase.changelog                      : Reading from public.databasechangelog
2025-05-23T01:31:20.673+02:00  INFO 39086 --- [Authent API] [restartedMain] liquibase.ui                             : Database is up to date, no changesets to execute
2025-05-23T01:31:20.674+02:00  INFO 39086 --- [Authent API] [restartedMain] liquibase.changelog                      : Reading from public.databasechangelog
2025-05-23T01:31:20.678+02:00  INFO 39086 --- [Authent API] [restartedMain] liquibase.util                           : UPDATE SUMMARY
2025-05-23T01:31:20.678+02:00  INFO 39086 --- [Authent API] [restartedMain] liquibase.util                           : Run:                          0
2025-05-23T01:31:20.678+02:00  INFO 39086 --- [Authent API] [restartedMain] liquibase.util                           : Previously run:               1
2025-05-23T01:31:20.678+02:00  INFO 39086 --- [Authent API] [restartedMain] liquibase.util                           : Filtered out:                 0
2025-05-23T01:31:20.678+02:00  INFO 39086 --- [Authent API] [restartedMain] liquibase.util                           : -------------------------------
2025-05-23T01:31:20.678+02:00  INFO 39086 --- [Authent API] [restartedMain] liquibase.util                           : Total change sets:            1
2025-05-23T01:31:20.678+02:00  INFO 39086 --- [Authent API] [restartedMain] liquibase.util                           : Update summary generated
2025-05-23T01:31:20.679+02:00  INFO 39086 --- [Authent API] [restartedMain] liquibase.command                        : Command execution complete
2025-05-23T01:31:20.726+02:00  INFO 39086 --- [Authent API] [restartedMain] o.hibernate.jpa.internal.util.LogHelper  : HHH000204: Processing PersistenceUnitInfo [name: default]
2025-05-23T01:31:20.748+02:00  INFO 39086 --- [Authent API] [restartedMain] org.hibernate.Version                    : HHH000412: Hibernate ORM core version 6.6.13.Final
2025-05-23T01:31:20.762+02:00  INFO 39086 --- [Authent API] [restartedMain] o.h.c.internal.RegionFactoryInitiator    : HHH000026: Second-level cache disabled
2025-05-23T01:31:20.877+02:00  INFO 39086 --- [Authent API] [restartedMain] o.s.o.j.p.SpringPersistenceUnitInfo      : No LoadTimeWeaver setup: ignoring JPA class transformer
2025-05-23T01:31:20.912+02:00  INFO 39086 --- [Authent API] [restartedMain] org.hibernate.orm.connections.pooling    : HHH10001005: Database info:
	Database JDBC URL [Connecting through datasource 'HikariDataSource (HikariPool-1)']
	Database driver: undefined/unknown
	Database version: 15.12
	Autocommit mode: undefined/unknown
	Isolation level: undefined/unknown
	Minimum pool size: undefined/unknown
	Maximum pool size: undefined/unknown
2025-05-23T01:31:21.267+02:00  INFO 39086 --- [Authent API] [restartedMain] o.h.e.t.j.p.i.JtaPlatformInitiator       : HHH000489: No JTA platform available (set 'hibernate.transaction.jta.platform' to enable JTA platform integration)
2025-05-23T01:31:21.268+02:00  INFO 39086 --- [Authent API] [restartedMain] j.LocalContainerEntityManagerFactoryBean : Initialized JPA EntityManagerFactory for persistence unit 'default'
2025-05-23T01:31:21.276+02:00  INFO 39086 --- [Authent API] [restartedMain] i.y.a.core.aspect.LogTracingAspect       : LogTracingAspect initialised (authentapi.LogTracingAspect.enable=true)
2025-05-23T01:31:21.366+02:00  WARN 39086 --- [Authent API] [restartedMain] JpaBaseConfiguration$JpaWebConfiguration : spring.jpa.open-in-view is enabled by default. Therefore, database queries may be performed during view rendering. Explicitly configure spring.jpa.open-in-view to disable this warning
2025-05-23T01:31:21.645+02:00  INFO 39086 --- [Authent API] [restartedMain] o.s.b.a.e.web.EndpointLinksResolver      : Exposing 1 endpoint beneath base path '/actuator'
2025-05-23T01:31:21.735+02:00  INFO 39086 --- [Authent API] [restartedMain] o.s.v.b.OptionalValidatorFactoryBean     : Failed to set up a Bean Validation provider: jakarta.validation.NoProviderFoundException: Unable to create a Configuration, because no Jakarta Bean Validation provider could be found. Add a provider like Hibernate Validator (RI) to your classpath.
2025-05-23T01:31:22.057+02:00  INFO 39086 --- [Authent API] [restartedMain] o.s.b.d.a.OptionalLiveReloadServer       : LiveReload server is running on port 35729
2025-05-23T01:31:22.101+02:00  INFO 39086 --- [Authent API] [restartedMain] o.s.b.w.embedded.tomcat.TomcatWebServer  : Tomcat started on port 8080 (http) with context path '/'
2025-05-23T01:31:22.111+02:00  INFO 39086 --- [Authent API] [restartedMain] i.y.authentapi.AuthentapiApplication     : Started AuthentapiApplication in 3.072 seconds (process running for 3.362)
2025-05-23T01:31:22.511+02:00  INFO 39086 --- [Authent API] [RMI TCP Connection(3)-127.0.0.1] o.a.c.c.C.[Tomcat].[localhost].[/]       : Initializing Spring DispatcherServlet 'dispatcherServlet'
2025-05-23T01:31:22.511+02:00  INFO 39086 --- [Authent API] [RMI TCP Connection(3)-127.0.0.1] o.s.web.servlet.DispatcherServlet        : Initializing Servlet 'dispatcherServlet'
2025-05-23T01:31:22.512+02:00  INFO 39086 --- [Authent API] [RMI TCP Connection(3)-127.0.0.1] o.s.web.servlet.DispatcherServlet        : Completed initialization in 1 ms
